<?xml version="1.0" encoding="UTF-8"?>
<!-- Generated by org.testng.reporters.JUnitReportReporter -->
<testsuite hostname="LAPTOP-7UOI14JD" failures="0" tests="3" name="pack1.PoprItemsTest" time="83.212" errors="0" timestamp="2022-11-28T21:31:22 IST" skipped="0">
  <testcase classname="pack1.PoprItemsTest" name="tabtest" time="25.585"/>
  <system-out/>
  <testcase classname="pack1.PoprItemsTest" name="laptoptest" time="32.088"/>
  <system-out/>
  <testcase classname="pack1.PoprItemsTest" name="spktest" time="25.539"/>
  <system-out/>
</testsuite> <!-- pack1.PoprItemsTest -->
